<?xml version="1.0" encoding="UTF-8"?>
<!-- Generated by org.testng.reporters.JUnitReportReporter -->
<testsuite hostname="W10LN-HH01HH2" failures="0" tests="1" name="com.wac.du.testcases.SndReqBtnDisabledBeforeAppIDNotifyReqDocsSpecifiedTest" time="21.739" errors="0" timestamp="27 May 2020 19:54:30 GMT" skipped="0">
  <testcase classname="com.wac.du.testcases.SndReqBtnDisabledBeforeAppIDNotifyReqDocsSpecifiedTest" name="verifySndReqBtnDisabled" time="21.739"/>
</testsuite> <!-- com.wac.du.testcases.SndReqBtnDisabledBeforeAppIDNotifyReqDocsSpecifiedTest -->
