<?xml version="1.0" encoding="UTF-8"?>
<!-- Generated by org.testng.reporters.JUnitReportReporter -->
<testsuite hostname="W10LN-HH01HH2" failures="0" tests="1" name="com.wac.du.testcases.VerifyEmailFieldCannotBeEditedForIndividualBorrower" time="28.583" errors="0" timestamp="04 May 2020 16:01:54 GMT" skipped="0">
  <testcase classname="com.wac.du.testcases.VerifyEmailFieldCannotBeEditedForIndividualBorrower" name="verifyEmailNotEditableForIndividualBorrower" time="28.583"/>
</testsuite> <!-- com.wac.du.testcases.VerifyEmailFieldCannotBeEditedForIndividualBorrower -->
