<?xml version="1.0" encoding="UTF-8"?>
<!-- Generated by org.testng.reporters.JUnitReportReporter -->
<testsuite hostname="W10LN-HH01HH2" failures="0" tests="1" name="com.wac.du.testcases.VerifySpecifiedNumOfDocsMatchNumOfDocsReceivedByEmailTest" time="24.875" errors="0" timestamp="12 May 2020 13:37:41 GMT" skipped="0">
  <testcase classname="com.wac.du.testcases.VerifySpecifiedNumOfDocsMatchNumOfDocsReceivedByEmailTest" name="verifySpecifiedNumOfDocsRequestedMatchNumOfDocsReceivedByEmail" time="24.875"/>
</testsuite> <!-- com.wac.du.testcases.VerifySpecifiedNumOfDocsMatchNumOfDocsReceivedByEmailTest -->
