<?xml version="1.0" encoding="UTF-8"?>
<!-- Generated by org.testng.reporters.JUnitReportReporter -->
<testsuite hostname="W10LN-HH01HH2" failures="0" tests="1" name="com.wac.du.testcases.VerifyNameFieldCannotBeEditedForSecondaryJBTest" time="103.444" errors="0" timestamp="05 May 2020 18:14:58 GMT" skipped="0">
  <testcase classname="com.wac.du.testcases.VerifyNameFieldCannotBeEditedForSecondaryJBTest" name="verifyEmailNotEditableForSecondaryJointBorrower" time="103.444"/>
</testsuite> <!-- com.wac.du.testcases.VerifyNameFieldCannotBeEditedForSecondaryJBTest -->
