<?xml version="1.0" encoding="UTF-8"?>
<!-- Generated by org.testng.reporters.JUnitReportReporter -->
<testsuite hostname="W10LN-HH01HH2" failures="0" tests="1" name="com.wac.du.testcases.VerifyEmailFieldCannotBeEditedForPrimaryJB" time="27.724" errors="0" timestamp="04 May 2020 14:16:31 GMT" skipped="0">
  <testcase classname="com.wac.du.testcases.VerifyEmailFieldCannotBeEditedForPrimaryJB" name="verifyEmailNotEditableForPrimaryJointBorrower" time="27.724"/>
</testsuite> <!-- com.wac.du.testcases.VerifyEmailFieldCannotBeEditedForPrimaryJB -->
