<?xml version="1.0" encoding="UTF-8"?>
<!-- Generated by org.testng.reporters.JUnitReportReporter -->
<testsuite hostname="W10LN-HH01HH2" failures="0" tests="1" name="com.wac.du.testcases.RequestProofOfResDocByEmailTest" time="32.018" errors="0" timestamp="29 Apr 2020 19:10:19 GMT" skipped="0">
  <testcase classname="com.wac.du.testcases.RequestProofOfResDocByEmailTest" name="launchLnReqPgeID" time="32.018"/>
</testsuite> <!-- com.wac.du.testcases.RequestProofOfResDocByEmailTest -->
