<?xml version="1.0" encoding="UTF-8"?>
<!-- Generated by org.testng.reporters.JUnitReportReporter -->
<testsuite hostname="W10LN-HH01HH2" failures="0" tests="1" name="com.wac.du.testcases.VerifyExpDateFieldCannotBeEditedForIndividualBorrowerTest" time="26.908" errors="0" timestamp="08 May 2020 17:38:24 GMT" skipped="0">
  <testcase classname="com.wac.du.testcases.VerifyExpDateFieldCannotBeEditedForIndividualBorrowerTest" name="verifyExpDateNotEditableForIndividualBorrower" time="26.908"/>
</testsuite> <!-- com.wac.du.testcases.VerifyExpDateFieldCannotBeEditedForIndividualBorrowerTest -->
