<?xml version="1.0" encoding="UTF-8"?>
<!-- Generated by org.testng.reporters.JUnitReportReporter -->
<testsuite hostname="W10LN-HH01HH2" failures="0" tests="1" name="com.wac.du.testcases.RequestAnyDocForNullBrwrByEmailTest" time="25.913" errors="0" timestamp="30 Apr 2020 17:39:45 GMT" skipped="0">
  <testcase classname="com.wac.du.testcases.RequestAnyDocForNullBrwrByEmailTest" name="reqAnyDocForNullBrwrByEmail" time="25.913"/>
</testsuite> <!-- com.wac.du.testcases.RequestAnyDocForNullBrwrByEmailTest -->
