<?xml version="1.0" encoding="UTF-8"?>
<!-- Generated by org.testng.reporters.JUnitReportReporter -->
<testsuite hostname="W10LN-HH01HH2" failures="0" tests="1" name="com.wac.du.testcases.VerifyClearBtnRemovesAllSelectionsTest" time="24.285" errors="0" timestamp="07 May 2020 18:44:02 GMT" skipped="0">
  <testcase classname="com.wac.du.testcases.VerifyClearBtnRemovesAllSelectionsTest" name="verifyClearBtnRemovesAllSelections" time="24.285"/>
</testsuite> <!-- com.wac.du.testcases.VerifyClearBtnRemovesAllSelectionsTest -->
