<?xml version="1.0" encoding="UTF-8"?>
<!-- Generated by org.testng.reporters.JUnitReportReporter -->
<testsuite hostname="W10LN-HH01HH2" failures="0" tests="1" name="com.wac.du.testcases.VerifyExpDateFieldCannotBeEditedForSecondaryJBTest" time="26.577" errors="0" timestamp="08 May 2020 17:43:33 GMT" skipped="0">
  <testcase classname="com.wac.du.testcases.VerifyExpDateFieldCannotBeEditedForSecondaryJBTest" name="verifyExpDateNotEditableForSecondaryJointBorrower" time="26.577"/>
</testsuite> <!-- com.wac.du.testcases.VerifyExpDateFieldCannotBeEditedForSecondaryJBTest -->
