<?xml version="1.0" encoding="UTF-8"?>
<!-- Generated by org.testng.reporters.JUnitReportReporter -->
<testsuite hostname="W10LN-HH01HH2" failures="0" tests="1" name="com.wac.du.testcases.SndReqBtnDisabledAppIDReqDocsSpecifiedNotifyNotSpecified" time="23.383" errors="0" timestamp="28 Apr 2020 14:35:37 GMT" skipped="0">
  <testcase classname="com.wac.du.testcases.SndReqBtnDisabledAppIDReqDocsSpecifiedNotifyNotSpecified" name="verifySndReqBtnDisabledAppIDReqDocsSpecified" time="23.383"/>
</testsuite> <!-- com.wac.du.testcases.SndReqBtnDisabledAppIDReqDocsSpecifiedNotifyNotSpecified -->
