<?xml version="1.0" encoding="UTF-8"?>
<!-- Generated by org.testng.reporters.JUnitReportReporter -->
<testsuite hostname="W10LN-HH01HH2" failures="0" tests="1" name="com.wac.du.testcases.RequestAnyDocForJointBrwrByEmailTest" time="25.543" errors="0" timestamp="30 Apr 2020 17:07:51 GMT" skipped="0">
  <testcase classname="com.wac.du.testcases.RequestAnyDocForJointBrwrByEmailTest" name="reqAnyDocForNullBrwrByEmail" time="25.543"/>
</testsuite> <!-- com.wac.du.testcases.RequestAnyDocForJointBrwrByEmailTest -->
