<?xml version="1.0" encoding="UTF-8"?>
<!-- Generated by org.testng.reporters.JUnitReportReporter -->
<testsuite hostname="W10LN-HH01HH2" failures="0" tests="1" name="com.wac.du.testcases.SendingEmailRequestForDocsTestCases" time="24.141" errors="0" timestamp="02 Apr 2020 20:12:07 GMT" skipped="0">
  <testcase classname="com.wac.du.testcases.SendingEmailRequestForDocsTestCases" name="launchHistoryPge" time="24.141"/>
</testsuite> <!-- com.wac.du.testcases.SendingEmailRequestForDocsTestCases -->
