<?xml version="1.0" encoding="UTF-8"?>
<!-- Generated by org.testng.reporters.JUnitReportReporter -->
<testsuite hostname="W10LN-HH01HH2" failures="0" tests="1" name="com.wac.du.testcases.VerifyExpDateFieldCannotBeEditedForPrimaryJBTest" time="28.493" errors="0" timestamp="08 May 2020 17:45:33 GMT" skipped="0">
  <testcase classname="com.wac.du.testcases.VerifyExpDateFieldCannotBeEditedForPrimaryJBTest" name="verifyExpDateNotEditableForPrimaryJointBorrower" time="28.493"/>
</testsuite> <!-- com.wac.du.testcases.VerifyExpDateFieldCannotBeEditedForPrimaryJBTest -->
