<?xml version="1.0" encoding="UTF-8"?>
<!-- Generated by org.testng.reporters.JUnitReportReporter -->
<testsuite hostname="W10LN-HH01HH2" failures="0" tests="1" name="com.wac.du.testcases.VerifyEmailFieldCannotBeEditedForNullBorrower" time="27.286" errors="0" timestamp="04 May 2020 15:46:56 GMT" skipped="0">
  <testcase classname="com.wac.du.testcases.VerifyEmailFieldCannotBeEditedForNullBorrower" name="verifyEmailNotEditableForNullBorrower" time="27.286"/>
</testsuite> <!-- com.wac.du.testcases.VerifyEmailFieldCannotBeEditedForNullBorrower -->
