<?xml version="1.0" encoding="UTF-8"?>
<!-- Generated by org.testng.reporters.JUnitReportReporter -->
<testsuite hostname="W10LN-HH01HH2" failures="0" tests="1" name="com.wac.du.testcases.RequestAny2DocsByEmailTest" time="24.424" errors="0" timestamp="07 May 2020 14:41:32 GMT" skipped="0">
  <testcase classname="com.wac.du.testcases.RequestAny2DocsByEmailTest" name="verifyRequestAny2DocsByEmail" time="24.424"/>
</testsuite> <!-- com.wac.du.testcases.RequestAny2DocsByEmailTest -->
