<?xml version="1.0" encoding="UTF-8"?>
<!-- Generated by org.testng.reporters.JUnitReportReporter -->
<testsuite hostname="W10LN-HH01HH2" failures="0" tests="1" name="com.wac.du.testcases.SndReqBtnDisabledAppIDNotifySpecifiedandReqDocsNotSpecifiedTest" time="21.686" errors="0" timestamp="27 May 2020 20:03:20 GMT" skipped="0">
  <testcase classname="com.wac.du.testcases.SndReqBtnDisabledAppIDNotifySpecifiedandReqDocsNotSpecifiedTest" name="verifySndReqBtnDisabledAppIDNotifySpecified" time="21.686"/>
</testsuite> <!-- com.wac.du.testcases.SndReqBtnDisabledAppIDNotifySpecifiedandReqDocsNotSpecifiedTest -->
