<?xml version="1.0" encoding="UTF-8"?>
<!-- Generated by org.testng.reporters.JUnitReportReporter -->
<testsuite hostname="W10LN-HH01HH2" failures="0" tests="1" name="com.wac.du.testcases.HistoryTestCases" time="17.982" errors="0" timestamp="13 Mar 2020 15:33:44 GMT" skipped="0">
  <testcase classname="com.wac.du.testcases.HistoryTestCases" name="launchDUPge" time="17.982"/>
</testsuite> <!-- com.wac.du.testcases.HistoryTestCases -->
