<?xml version="1.0" encoding="UTF-8"?>
<!-- Generated by org.testng.reporters.JUnitReportReporter -->
<testsuite hostname="W10LN-HH01HH2" failures="0" tests="1" name="com.wac.du.testcases.RequestALLDocsByEmailTest" time="20.256" errors="0" timestamp="07 May 2020 15:24:38 GMT" skipped="0">
  <testcase classname="com.wac.du.testcases.RequestALLDocsByEmailTest" name="verifyRequestAny4DocsByEmail" time="20.256"/>
</testsuite> <!-- com.wac.du.testcases.RequestALLDocsByEmailTest -->
