<?xml version="1.0" encoding="UTF-8"?>
<!-- Generated by org.testng.reporters.JUnitReportReporter -->
<testsuite hostname="W10LN-HH01HH2" failures="0" tests="1" name="com.wac.du.testcases.VerifyEmailFieldCannotBeEditedForSecondaryJB" time="29.149" errors="0" timestamp="04 May 2020 15:44:19 GMT" skipped="0">
  <testcase classname="com.wac.du.testcases.VerifyEmailFieldCannotBeEditedForSecondaryJB" name="verifyEmailNotEditableForSecondaryJointBorrower" time="29.149"/>
</testsuite> <!-- com.wac.du.testcases.VerifyEmailFieldCannotBeEditedForSecondaryJB -->
