<?xml version="1.0" encoding="UTF-8"?>
<!-- Generated by org.testng.reporters.JUnitReportReporter -->
<testsuite hostname="W10LN-HH01HH2" failures="0" tests="1" name="com.wac.du.testcases.SndReqBtnEnabledAppIDNotifyReqDocsSpecifiedTest" time="25.965" errors="0" timestamp="30 Apr 2020 13:23:58 GMT" skipped="0">
  <testcase classname="com.wac.du.testcases.SndReqBtnEnabledAppIDNotifyReqDocsSpecifiedTest" name="verifySndReqBtnEnabledAppIDNotifyReqDocsSpecified" time="25.965"/>
</testsuite> <!-- com.wac.du.testcases.SndReqBtnEnabledAppIDNotifyReqDocsSpecifiedTest -->
