<?xml version="1.0" encoding="UTF-8"?>
<!-- Generated by org.testng.reporters.JUnitReportReporter -->
<testsuite hostname="W10LN-HH01HH2" failures="0" tests="1" name="com.wac.du.testcases.VerifyNameFieldCannotBeEditedForPrimaryJBTest" time="22.502" errors="0" timestamp="05 May 2020 16:15:11 GMT" skipped="0">
  <testcase classname="com.wac.du.testcases.VerifyNameFieldCannotBeEditedForPrimaryJBTest" name="verifyNameNotEditableForPrimaryJointBorrower" time="22.502"/>
</testsuite> <!-- com.wac.du.testcases.VerifyNameFieldCannotBeEditedForPrimaryJBTest -->
