<?xml version="1.0" encoding="UTF-8"?>
<!-- Generated by org.testng.reporters.JUnitReportReporter -->
<testsuite hostname="W10LN-HH01HH2" failures="0" tests="1" name="com.wac.du.testcases.RequestSocialSecCardDocByEmailTest" time="26.731" errors="0" timestamp="30 Apr 2020 15:50:35 GMT" skipped="0">
  <testcase classname="com.wac.du.testcases.RequestSocialSecCardDocByEmailTest" name="launchLnReqPgeID" time="26.731"/>
</testsuite> <!-- com.wac.du.testcases.RequestSocialSecCardDocByEmailTest -->
