<?xml version="1.0" encoding="UTF-8"?>
<!-- Generated by org.testng.reporters.JUnitReportReporter -->
<testsuite hostname="W10LN-HH01HH2" failures="0" tests="1" name="com.wac.du.testcases.RequestAny4DocsByEmailTest" time="24.850" errors="0" timestamp="07 May 2020 14:55:20 GMT" skipped="0">
  <testcase classname="com.wac.du.testcases.RequestAny4DocsByEmailTest" name="verifyRequestAny4DocsByEmail" time="24.850"/>
</testsuite> <!-- com.wac.du.testcases.RequestAny4DocsByEmailTest -->
