<?xml version="1.0" encoding="UTF-8"?>
<!-- Generated by org.testng.reporters.JUnitReportReporter -->
<testsuite hostname="W10LN-HH01HH2" failures="0" tests="1" name="com.wac.du.testcases.RequestProofOfInsDocByEmailTest" time="29.064" errors="0" timestamp="29 Apr 2020 19:28:21 GMT" skipped="0">
  <testcase classname="com.wac.du.testcases.RequestProofOfInsDocByEmailTest" name="launchLnReqPgeID" time="29.064"/>
</testsuite> <!-- com.wac.du.testcases.RequestProofOfInsDocByEmailTest -->
