<?xml version="1.0" encoding="UTF-8"?>
<!-- Generated by org.testng.reporters.JUnitReportReporter -->
<testsuite hostname="W10LN-HH01HH2" failures="0" tests="1" name="com.wac.du.testcases.VerifyPhoneFieldCannotBeEditedForIndividualBorrower" time="23.142" errors="0" timestamp="05 May 2020 13:25:04 GMT" skipped="0">
  <testcase classname="com.wac.du.testcases.VerifyPhoneFieldCannotBeEditedForIndividualBorrower" name="verifyEmailNotEditableForIndividualBorrower" time="23.142"/>
</testsuite> <!-- com.wac.du.testcases.VerifyPhoneFieldCannotBeEditedForIndividualBorrower -->
