<?xml version="1.0" encoding="UTF-8"?>
<!-- Generated by org.testng.reporters.JUnitReportReporter -->
<testsuite hostname="W10LN-HH01HH2" failures="0" tests="1" name="com.wac.du.testcases.SndReqBtnDisabledBeforeAppIDNotifyReqDocsSpecified" time="25.416" errors="0" timestamp="28 Apr 2020 14:17:54 GMT" skipped="0">
  <testcase classname="com.wac.du.testcases.SndReqBtnDisabledBeforeAppIDNotifyReqDocsSpecified" name="verifySndReqBtnDisabled" time="25.416"/>
</testsuite> <!-- com.wac.du.testcases.SndReqBtnDisabledBeforeAppIDNotifyReqDocsSpecified -->
